c:\users\kevin.r.baker\desktop\c++ class\cpp-class\homework5\homework5\debug\vc120.pdb
c:\users\kevin.r.baker\desktop\c++ class\cpp-class\homework5\homework5\debug\vc120.idb
c:\users\kevin.r.baker\desktop\c++ class\cpp-class\homework5\homework5\debug\circle.obj
c:\users\kevin.r.baker\desktop\c++ class\cpp-class\homework5\homework5\debug\getshape.obj
c:\users\kevin.r.baker\desktop\c++ class\cpp-class\homework5\homework5\debug\rectangle.obj
c:\users\kevin.r.baker\desktop\c++ class\cpp-class\homework5\homework5\debug\shape.obj
c:\users\kevin.r.baker\desktop\c++ class\cpp-class\homework5\homework5\debug\shapedemo.obj
c:\users\kevin.r.baker\desktop\c++ class\cpp-class\homework5\homework5\debug\square.obj
c:\users\kevin.r.baker\desktop\c++ class\cpp-class\homework5\homework5\debug\main.obj
d:\c++ class\homework for github\homework5\homework5\debug\vc120.pdb
d:\c++ class\homework for github\homework5\homework5\debug\vc120.idb
d:\c++ class\homework for github\homework5\homework5\debug\circle.obj
d:\c++ class\homework for github\homework5\homework5\debug\getshape.obj
d:\c++ class\homework for github\homework5\homework5\debug\rectangle.obj
d:\c++ class\homework for github\homework5\homework5\debug\shape.obj
d:\c++ class\homework for github\homework5\homework5\debug\main.obj
d:\c++ class\homework for github\homework5\homework5\debug\square.obj
c:\users\kevin.r.baker\desktop\c++ class\cpp-class\homework5\debug\homework5.ilk
c:\users\kevin.r.baker\desktop\c++ class\cpp-class\homework5\debug\homework5.exe
c:\users\kevin.r.baker\desktop\c++ class\cpp-class\homework5\debug\homework5.pdb
d:\c++ class\homework for github\homework5\debug\homework5.ilk
d:\c++ class\homework for github\homework5\debug\homework5.exe
d:\c++ class\homework for github\homework5\debug\homework5.pdb
d:\c++ class\homework for github\homework5\homework5\debug\shapedemo.obj
d:\c++ class\homework for github\homework5\homework5\debug\homework5.tlog\cl.command.1.tlog
d:\c++ class\homework for github\homework5\homework5\debug\homework5.tlog\cl.read.1.tlog
d:\c++ class\homework for github\homework5\homework5\debug\homework5.tlog\cl.write.1.tlog
d:\c++ class\homework for github\homework5\homework5\debug\homework5.tlog\link.command.1.tlog
d:\c++ class\homework for github\homework5\homework5\debug\homework5.tlog\link.read.1.tlog
d:\c++ class\homework for github\homework5\homework5\debug\homework5.tlog\link.write.1.tlog
